<?xml version="1.0" encoding="UTF-8"?>
<testng-results skipped="0" failed="0" ignored="0" total="1" passed="1">
  <reporter-output>
  </reporter-output>
  <suite name="Default suite" duration-ms="18379" started-at="2018-07-03T08:49:17Z" finished-at="2018-07-03T08:49:36Z">
    <groups>
    </groups>
    <test name="Default test" duration-ms="18379" started-at="2018-07-03T08:49:17Z" finished-at="2018-07-03T08:49:36Z">
      <class name="TestNGtest.TestNGbasicstest2">
        <test-method status="PASS" signature="setUp()[pri:0, instance:TestNGtest.TestNGbasicstest2@132ec19]" name="setUp" is-config="true" duration-ms="17674" started-at="2018-07-03T14:19:17Z" finished-at="2018-07-03T14:19:35Z">
          <reporter-output>
          </reporter-output>
        </test-method> <!-- setUp -->
        <test-method status="PASS" signature="verifyPageTitleTest()[pri:0, instance:TestNGtest.TestNGbasicstest2@132ec19]" name="verifyPageTitleTest" duration-ms="31" started-at="2018-07-03T14:19:35Z" finished-at="2018-07-03T14:19:35Z">
          <reporter-output>
          </reporter-output>
        </test-method> <!-- verifyPageTitleTest -->
        <test-method status="PASS" signature="tearDown()[pri:0, instance:TestNGtest.TestNGbasicstest2@132ec19]" name="tearDown" is-config="true" duration-ms="632" started-at="2018-07-03T14:19:35Z" finished-at="2018-07-03T14:19:36Z">
          <reporter-output>
          </reporter-output>
        </test-method> <!-- tearDown -->
      </class> <!-- TestNGtest.TestNGbasicstest2 -->
    </test> <!-- Default test -->
  </suite> <!-- Default suite -->
</testng-results>
