<?xml version="1.0" encoding="UTF-8"?>
<!-- Generated by org.testng.reporters.JUnitXMLReporter -->
<testsuite hostname="Dell-PC" name="Default test" tests="1" failures="1" timestamp="15 Jun 2018 12:36:14 GMT" time="10.979" errors="0">
  <testcase name="@AfterMethod tearDown" time="0.0" classname="TestNG.TestNGbasics">
    <failure type="java.lang.NullPointerException">
      <![CDATA[java.lang.NullPointerException
	at TestNG.TestNGbasics.tearDown(TestNGbasics.java:39)
... Removed 26 stack frames]]>
    </failure>
  </testcase> <!-- @AfterMethod tearDown -->
  <testcase name="verifyPageTitleTest" time="0.01" classname="TestNG.TestNGbasics">
    <failure type="java.lang.NullPointerException">
      <![CDATA[java.lang.NullPointerException
	at TestNG.TestNGbasics.verifyPageTitleTest(TestNGbasics.java:31)
... Removed 24 stack frames]]>
    </failure>
  </testcase> <!-- verifyPageTitleTest -->
</testsuite> <!-- Default test -->
